INFO: (wg0) 2019/11/20 01:46:52 Starting wireguard-go version 0.0.20191012-11-g4cdf805-dirty
DEBUG: (wg0) 2019/11/20 01:46:52 Debug log enabled
DEBUG: (wg0) 2019/11/20 01:46:52 Routine: event worker - started
DEBUG: (wg0) 2019/11/20 01:46:52 Routine: encryption worker - started
DEBUG: (wg0) 2019/11/20 01:46:52 Routine: decryption worker - started
DEBUG: (wg0) 2019/11/20 01:46:52 Routine: handshake worker - started
DEBUG: (wg0) 2019/11/20 01:46:52 Routine: encryption worker - started
DEBUG: (wg0) 2019/11/20 01:46:52 Routine: decryption worker - started
DEBUG: (wg0) 2019/11/20 01:46:52 Routine: handshake worker - started
DEBUG: (wg0) 2019/11/20 01:46:52 Routine: encryption worker - started
DEBUG: (wg0) 2019/11/20 01:46:52 Routine: decryption worker - started
DEBUG: (wg0) 2019/11/20 01:46:52 Routine: handshake worker - started
DEBUG: (wg0) 2019/11/20 01:46:52 Routine: encryption worker - started
DEBUG: (wg0) 2019/11/20 01:46:52 Routine: decryption worker - started
DEBUG: (wg0) 2019/11/20 01:46:52 Routine: handshake worker - started
DEBUG: (wg0) 2019/11/20 01:46:52 Routine: TUN reader - started
INFO: (wg0) 2019/11/20 01:46:52 Device started
INFO: (wg0) 2019/11/20 01:46:52 UAPI listener started
INFO: (wg0) 2019/11/20 01:46:52 Interface set up
DEBUG: (wg0) 2019/11/20 01:46:52 Routine: receive incoming IPv6 - started
DEBUG: (wg0) 2019/11/20 01:46:52 Routine: receive incoming IPv4 - started
DEBUG: (wg0) 2019/11/20 01:46:52 UDP bind has been updated
INFO: (wg0) 2019/11/20 01:46:52 Starting wireguard-go version 0.0.20191012-11-g4cdf805-dirty
DEBUG: (wg0) 2019/11/20 01:46:52 Debug log enabled
ERROR: (wg0) 2019/11/20 01:46:52 Failed to create TUN device: device or resource busy
exit status 1